<?xml version="1.0" encoding="UTF-8"?>
<!-- Generated by org.testng.reporters.JUnitXMLReporter -->
<testsuite hostname="ITCL0VRNR" ignored="0" name="Test" tests="4" failures="1" timestamp="03 Feb 2021 16:49:31 GMT" time="93.578" errors="0">
  <testcase name="logo" time="2.089" classname="com.UIAutomationFinalProjectV2.UIAutomationFinalProjectV2.LogoIsDisplayed"/>
  <testcase name="RegisterationTestCase" time="24.938" classname="com.UIAutomationFinalProjectV2.UIAutomationFinalProjectV2.Registeration"/>
  <testcase name="AddProduct" time="25.243" classname="com.UIAutomationFinalProjectV2.UIAutomationFinalProjectV2.ShoppingCart"/>
  <testcase name="Test" time="15.556" classname="com.UIAutomationFinalProjectV2.UIAutomationFinalProjectV2.SocialLinksTest">
    <failure type="java.lang.AssertionError" message="The following asserts failed:
	expected [true] but found [false],
	expected [true] but found [false]">
      <![CDATA[java.lang.AssertionError: The following asserts failed:
expected [true] but found [false],
expected [true] but found [false]
at com.UIAutomationFinalProjectV2.UIAutomationFinalProjectV2.SocialLinksTest.Test(SocialLinksTest.java:56)
... Removed 26 stack frames]]>
    </failure>
  </testcase> <!-- Test -->
</testsuite> <!-- Test -->
